<?xml version="1.0" encoding="UTF-8"?>
<!-- Generated by org.testng.reporters.JUnitReportReporter -->
<testsuite hostname="Dewendra" failures="1" tests="1" name="com.nop.myrunner.TestRun" time="9.820" errors="0" timestamp="2025-08-28T18:02:27 IST" skipped="0">
  <testcase classname="com.nop.myrunner.TestRun" name="runScenario" time="9.820">
    <failure message="expected [true] but found [false]" type="java.lang.AssertionError">
      <![CDATA[java.lang.AssertionError: expected [true] but found [false]
at org.testng.Assert.fail(Assert.java:110)
at org.testng.Assert.failNotEquals(Assert.java:1577)
at org.testng.Assert.assertTrue(Assert.java:56)
at org.testng.Assert.assertTrue(Assert.java:66)
at com.nop.stepDefinations.StepDef.page_title_should_be(StepDef.java:115)
at âœ½.Page Title should be "nopCommerce demo store. Login1"(file:///D:/GithubProject/MySeleniumProject/NopCommerceV001_BDD_Cucumber/./Features/Login.feature:11)
]]>
    </failure>
  </testcase> <!-- runScenario -->
  <system-out/>
</testsuite> <!-- com.nop.myrunner.TestRun -->
